\BOOKMARK [0][-]{chapter.1}{Introduction}{}% 1
\BOOKMARK [1][-]{section.1.1}{Background}{chapter.1}% 2
\BOOKMARK [1][-]{section.1.2}{Problem definition}{chapter.1}% 3
\BOOKMARK [1][-]{section.1.3}{Goals}{chapter.1}% 4
\BOOKMARK [1][-]{section.1.4}{Research Methodology}{chapter.1}% 5
\BOOKMARK [1][-]{section.1.5}{Deliminations}{chapter.1}% 6
\BOOKMARK [1][-]{section.1.6}{Structure of the thesis}{chapter.1}% 7
\BOOKMARK [0][-]{chapter.2}{Background}{}% 8
\BOOKMARK [1][-]{section.2.1}{Background area 1}{chapter.2}% 9
\BOOKMARK [1][-]{section.2.2}{Background area 2}{chapter.2}% 10
\BOOKMARK [1][-]{section.2.3}{Related work}{chapter.2}% 11
\BOOKMARK [2][-]{subsection.2.3.1}{EduRange}{section.2.3}% 12
\BOOKMARK [2][-]{subsection.2.3.2}{Related work 2}{section.2.3}% 13
\BOOKMARK [1][-]{section.2.4}{Summary}{chapter.2}% 14
\BOOKMARK [0][-]{chapter.3}{Methodology}{}% 15
\BOOKMARK [1][-]{section.3.1}{Research Process}{chapter.3}% 16
\BOOKMARK [1][-]{section.3.2}{Research Paradigm}{chapter.3}% 17
\BOOKMARK [1][-]{section.3.3}{Data collection}{chapter.3}% 18
\BOOKMARK [2][-]{subsection.3.3.1}{Sampling}{section.3.3}% 19
\BOOKMARK [2][-]{subsection.3.3.2}{Sample size}{section.3.3}% 20
\BOOKMARK [2][-]{subsection.3.3.3}{Target Population}{section.3.3}% 21
\BOOKMARK [1][-]{section.3.4}{Experimental design}{chapter.3}% 22
\BOOKMARK [2][-]{subsection.3.4.1}{Test environment}{section.3.4}% 23
\BOOKMARK [2][-]{subsection.3.4.2}{Hardware/Software to be used}{section.3.4}% 24
\BOOKMARK [1][-]{section.3.5}{Assessing reliability and validity of the data collected}{chapter.3}% 25
\BOOKMARK [2][-]{subsection.3.5.1}{Reliability}{section.3.5}% 26
\BOOKMARK [2][-]{subsection.3.5.2}{Validity}{section.3.5}% 27
\BOOKMARK [1][-]{section.3.6}{Planned Data Analysis}{chapter.3}% 28
\BOOKMARK [2][-]{subsection.3.6.1}{Data Analysis Technique}{section.3.6}% 29
\BOOKMARK [2][-]{subsection.3.6.2}{Software Tools}{section.3.6}% 30
\BOOKMARK [1][-]{section.3.7}{Evaluation Framework}{chapter.3}% 31
\BOOKMARK [0][-]{chapter.4}{Implementation}{}% 32
\BOOKMARK [0][-]{chapter.5}{Analysis}{}% 33
\BOOKMARK [1][-]{section.5.1}{Major results}{chapter.5}% 34
\BOOKMARK [1][-]{section.5.2}{Reliability Analysis}{chapter.5}% 35
\BOOKMARK [1][-]{section.5.3}{Validity Analysis}{chapter.5}% 36
\BOOKMARK [1][-]{section.5.4}{Discussion}{chapter.5}% 37
\BOOKMARK [0][-]{chapter.6}{Conclusions and Future Work}{}% 38
\BOOKMARK [1][-]{section.6.1}{Conclusions}{chapter.6}% 39
\BOOKMARK [1][-]{section.6.2}{Limitations}{chapter.6}% 40
\BOOKMARK [1][-]{section.6.3}{Future work}{chapter.6}% 41
\BOOKMARK [1][-]{section.6.4}{Reflections}{chapter.6}% 42
\BOOKMARK [0][-]{section*.30}{References}{}% 43
\BOOKMARK [0][-]{section*.31}{Appendices}{}% 44
\BOOKMARK [0][-]{chapter.A}{Appendix Name X}{}% 45
